1734423667.351231385:start:download            : toolchain-external
1734423667.401051286:end  :download            : toolchain-external
1734423667.457178386:start:download            : host-skeleton
1734423667.497558009:end  :download            : host-skeleton
1734423667.538087863:start:download            : skeleton
1734423667.578946969:end  :download            : skeleton
1734423667.626759204:start:download            : skeleton-init-none
1734423667.655264010:end  :download            : skeleton-init-none
1734423667.713789791:start:download            : skeleton-init-common
1734423667.735190706:end  :download            : skeleton-init-common
1734423667.801389087:start:download            : toolchain-external-custom
1734423667.820351363:end  :download            : toolchain-external-custom
1734423667.852774902:start:download            : toolchain
1734423667.868850130:end  :download            : toolchain
1734423667.907123118:start:download            : host-dtc
1734423667.992590422:end  :download            : host-dtc
1734423668.047753454:start:download            : host-bison
1734423668.170122698:end  :download            : host-bison
1734423668.232390976:start:download            : host-m4
1734423668.290848692:end  :download            : host-m4
1734423668.338699382:start:download            : host-flex
1734423668.397655867:end  :download            : host-flex
1734423668.439243512:start:download            : host-autoconf
1734423668.498966020:end  :download            : host-autoconf
1734423668.533458255:start:download            : host-libtool
1734423668.598005119:end  :download            : host-libtool
1734423668.642083652:start:download            : host-automake
1734423668.737102568:end  :download            : host-automake
1734423668.767222367:start:download            : host-gettext
1734423668.780099566:end  :download            : host-gettext
1734423668.819593316:start:download            : host-gettext-tiny
1734423669.075121180:end  :download            : host-gettext-tiny
1734423669.113350658:start:download            : host-pkgconf
1734423669.189710843:end  :download            : host-pkgconf
1734423669.233712568:start:download            : ifupdown-scripts
1734423669.275817346:end  :download            : ifupdown-scripts
1734423669.307595806:start:download            : host-patchelf
1734423669.358129232:end  :download            : host-patchelf
1734423669.404778369:start:download            : host-uboot-tools
1734423669.934061710:end  :download            : host-uboot-tools
1734423669.978578482:start:download            : host-openssl
1734423669.985152605:end  :download            : host-openssl
1734423670.020127346:start:download            : host-libopenssl
1734423670.451508720:end  :download            : host-libopenssl
1734423670.482855860:start:download            : host-zlib
1734423670.496061686:end  :download            : host-zlib
1734423670.581963801:start:download            : host-libzlib
1734423670.665189396:end  :download            : host-libzlib
1734423670.693698915:start:download            : uboot
1734423671.039617686:end  :download            : uboot
