1734423667.811694986:start:download            : toolchain-external
1734423667.830894195:end  :download            : toolchain-external
1734423667.870086303:start:download            : host-skeleton
1734423667.887416381:end  :download            : host-skeleton
1734423667.916117979:start:download            : skeleton
1734423667.947186092:end  :download            : skeleton
1734423668.019958622:start:download            : skeleton-init-none
1734423668.031550745:end  :download            : skeleton-init-none
1734423668.079080043:start:download            : skeleton-init-common
1734423668.088928838:end  :download            : skeleton-init-common
1734423668.169110413:start:download            : toolchain-external-custom
1734423668.189321818:end  :download            : toolchain-external-custom
1734423668.217651093:start:download            : toolchain
1734423668.241325987:end  :download            : toolchain
1734423668.275474486:start:download            : host-dtc
1734423668.318122776:end  :download            : host-dtc
1734423668.351720958:start:download            : host-bison
1734423668.438088057:end  :download            : host-bison
1734423668.479767043:start:download            : host-m4
1734423668.558988962:end  :download            : host-m4
1734423668.598753039:start:download            : host-flex
1734423668.654342891:end  :download            : host-flex
1734423668.696421278:start:download            : host-autoconf
1734423668.767114392:end  :download            : host-autoconf
1734423668.802203893:start:download            : host-libtool
1734423668.870726976:end  :download            : host-libtool
1734423668.914884995:start:download            : host-automake
1734423668.988420197:end  :download            : host-automake
1734423669.021226709:start:download            : host-gettext
1734423669.052337099:end  :download            : host-gettext
1734423669.103939218:start:download            : host-gettext-tiny
1734423669.448115597:end  :download            : host-gettext-tiny
1734423669.505688790:start:download            : host-pkgconf
1734423669.567002924:end  :download            : host-pkgconf
1734423669.615616823:start:download            : ifupdown-scripts
1734423669.628905070:end  :download            : ifupdown-scripts
1734423669.656214049:start:download            : host-patchelf
1734423669.701458328:end  :download            : host-patchelf
1734423669.725399631:start:download            : host-uboot-tools
1734423670.364888400:end  :download            : host-uboot-tools
1734423670.401197298:start:download            : host-openssl
1734423670.440106811:end  :download            : host-openssl
1734423670.476150672:start:download            : host-libopenssl
1734423670.902330711:end  :download            : host-libopenssl
1734423670.949882644:start:download            : host-zlib
1734423670.972756519:end  :download            : host-zlib
1734423671.000965832:start:download            : host-libzlib
1734423671.047285512:end  :download            : host-libzlib
1734423671.070202658:start:download            : uboot
1734423671.889750236:end  :download            : uboot
